<?xml version="1.0" encoding="UTF-8"?>
<testsuite name="ru.nsu.shushakov.SampleTest" tests="29" skipped="0" failures="0" errors="0" timestamp="2023-09-21T03:06:13" hostname="hp" time="0.144">
  <properties/>
  <testcase name="checkMinusSecondIsEmpty()" classname="ru.nsu.shushakov.SampleTest" time="0.032"/>
  <testcase name="checkStrHard()" classname="ru.nsu.shushakov.SampleTest" time="0.029"/>
  <testcase name="checkStrZero()" classname="ru.nsu.shushakov.SampleTest" time="0.001"/>
  <testcase name="checkMinusNorm()" classname="ru.nsu.shushakov.SampleTest" time="0.001"/>
  <testcase name="checkMinusEmpty()" classname="ru.nsu.shushakov.SampleTest" time="0.002"/>
  <testcase name="checkMultNorm()" classname="ru.nsu.shushakov.SampleTest" time="0.001"/>
  <testcase name="checkMultZero()" classname="ru.nsu.shushakov.SampleTest" time="0.001"/>
  <testcase name="checkPlusOneNotEmpty()" classname="ru.nsu.shushakov.SampleTest" time="0.001"/>
  <testcase name="checkMinusAddMinus()" classname="ru.nsu.shushakov.SampleTest" time="0.001"/>
  <testcase name="checkDerEmpty()" classname="ru.nsu.shushakov.SampleTest" time="0.001"/>
  <testcase name="checkStrEmpty()" classname="ru.nsu.shushakov.SampleTest" time="0.001"/>
  <testcase name="checkDerNeg()" classname="ru.nsu.shushakov.SampleTest" time="0.001"/>
  <testcase name="checkPlusEmpty()" classname="ru.nsu.shushakov.SampleTest" time="0.001"/>
  <testcase name="checkPlusEqual()" classname="ru.nsu.shushakov.SampleTest" time="0.001"/>
  <testcase name="checkDer2()" classname="ru.nsu.shushakov.SampleTest" time="0.002"/>
  <testcase name="checkDer3()" classname="ru.nsu.shushakov.SampleTest" time="0.002"/>
  <testcase name="checkPlus()" classname="ru.nsu.shushakov.SampleTest" time="0.001"/>
  <testcase name="checkSpot()" classname="ru.nsu.shushakov.SampleTest" time="0.002"/>
  <testcase name="checkMultEmpty()" classname="ru.nsu.shushakov.SampleTest" time="0.001"/>
  <testcase name="checkMultAboutAllMinus()" classname="ru.nsu.shushakov.SampleTest" time="0.001"/>
  <testcase name="checkStrMedium()" classname="ru.nsu.shushakov.SampleTest" time="0.002"/>
  <testcase name="checkSpotEmpty()" classname="ru.nsu.shushakov.SampleTest" time="0.001"/>
  <testcase name="checkStrSimple()" classname="ru.nsu.shushakov.SampleTest" time="0.002"/>
  <testcase name="checkDerZero()" classname="ru.nsu.shushakov.SampleTest" time="0.001"/>
  <testcase name="checkDer()" classname="ru.nsu.shushakov.SampleTest" time="0.001"/>
  <testcase name="checkDerForNthng()" classname="ru.nsu.shushakov.SampleTest" time="0.001"/>
  <testcase name="checkMultAboutMinus()" classname="ru.nsu.shushakov.SampleTest" time="0.001"/>
  <testcase name="checkMinusFirstIsEmpty()" classname="ru.nsu.shushakov.SampleTest" time="0.001"/>
  <testcase name="checkStrMinusIsFirst()" classname="ru.nsu.shushakov.SampleTest" time="0.002"/>
  <system-out><![CDATA[ru.nsu.shushakov.Polinomial@1df98368
ru.nsu.shushakov.Polinomial@5a021cb9
ru.nsu.shushakov.Polinomial@51768776
ru.nsu.shushakov.Polinomial@d1f74b8
ru.nsu.shushakov.Polinomial@41394595
ru.nsu.shushakov.Polinomial@3a0807b7
]]></system-out>
  <system-err><![CDATA[]]></system-err>
</testsuite>
