<?xml version="1.0" encoding="UTF-8"?>
<testsuite name="ru.nsu.shushakov.zachetka.TestForZachetka" tests="1" skipped="0" failures="0" errors="0" timestamp="2023-11-26T08:00:59" hostname="alec" time="0.03">
  <properties/>
  <testcase name="firstTest()" classname="ru.nsu.shushakov.zachetka.TestForZachetka" time="0.03"/>
  <system-out><![CDATA[2.0
true
3.0
Bruh
true
Irish accent Analysis
]]></system-out>
  <system-err><![CDATA[]]></system-err>
</testsuite>
