<?xml version="1.0" encoding="UTF-8"?>
<testsuite name="ru.nsu.shushakov.zachetka.TestForZachetka" tests="5" skipped="0" failures="0" errors="0" timestamp="2023-11-28T12:11:45" hostname="alec" time="0.047">
  <properties/>
  <testcase name="cantFetAnything()" classname="ru.nsu.shushakov.zachetka.TestForZachetka" time="0.031"/>
  <testcase name="averageIsZero()" classname="ru.nsu.shushakov.zachetka.TestForZachetka" time="0.001"/>
  <testcase name="testAllAreFinalCantGetUniqueDiploma()" classname="ru.nsu.shushakov.zachetka.TestForZachetka" time="0.003"/>
  <testcase name="canGetUniqueDiploma()" classname="ru.nsu.shushakov.zachetka.TestForZachetka" time="0.002"/>
  <testcase name="exceptionTest()" classname="ru.nsu.shushakov.zachetka.TestForZachetka" time="0.004"/>
  <system-out><![CDATA[]]></system-out>
  <system-err><![CDATA[]]></system-err>
</testsuite>
