<?xml version="1.0" encoding="UTF-8"?>
<testsuite name="ru.nsu.shushakov.zachetka.TestForZachetka" tests="3" skipped="0" failures="0" errors="0" timestamp="2023-11-27T08:14:20" hostname="alec" time="0.031">
  <properties/>
  <testcase name="kindaFullTest()" classname="ru.nsu.shushakov.zachetka.TestForZachetka" time="0.023"/>
  <testcase name="a()" classname="ru.nsu.shushakov.zachetka.TestForZachetka" time="0.001"/>
  <testcase name="firstTest()" classname="ru.nsu.shushakov.zachetka.TestForZachetka" time="0.004"/>
  <system-out><![CDATA[]]></system-out>
  <system-err><![CDATA[]]></system-err>
</testsuite>
